<?xml version="1.0" encoding="UTF-8"?>
<!-- Generated by org.testng.reporters.JUnitXMLReporter -->
<testsuite ignored="6" hostname="LAPTOP-HJHP27R7" failures="0" tests="3" name="Test" time="73.381" errors="0" timestamp="24 Apr 2022 21:35:05 GMT">
  <testcase classname="testNG.Create_whislist_ng" name="f" time="21.307"/>
  <testcase classname="testNG.Edit_wishlist_ng" name="f" time="15.499"/>
  <testcase classname="testNG.Delete_wishlist_ng" name="f" time="19.377"/>
  <testcase classname="testNG.Start_Suite_ng" name="@BeforeSuite beforeSuite" time="0.0">
    <ignored/>
  </testcase> <!-- @BeforeSuite beforeSuite -->
  <testcase classname="testNG.Start_Suite_ng" name="@BeforeSuite beforeSuite" time="0.0">
    <ignored/>
  </testcase> <!-- @BeforeSuite beforeSuite -->
  <testcase classname="testNG.Start_Suite_ng" name="@BeforeSuite beforeSuite" time="0.0">
    <ignored/>
  </testcase> <!-- @BeforeSuite beforeSuite -->
  <testcase classname="testNG.Start_Suite_ng" name="@AfterSuite afterSuite" time="0.0">
    <ignored/>
  </testcase> <!-- @AfterSuite afterSuite -->
  <testcase classname="testNG.Start_Suite_ng" name="@AfterSuite afterSuite" time="0.0">
    <ignored/>
  </testcase> <!-- @AfterSuite afterSuite -->
  <testcase classname="testNG.Start_Suite_ng" name="@AfterSuite afterSuite" time="0.0">
    <ignored/>
  </testcase> <!-- @AfterSuite afterSuite -->
</testsuite> <!-- Test -->
