<?xml version="1.0" encoding="UTF-8"?>
<testng-results ignored="0" total="1" passed="1" failed="0" skipped="0">
  <reporter-output>
  </reporter-output>
  <suite started-at="2022-04-24T21:47:29Z" name="Default suite" finished-at="2022-04-24T21:48:01Z" duration-ms="31730">
    <groups>
    </groups>
    <test started-at="2022-04-24T21:47:29Z" name="Default test" finished-at="2022-04-24T21:48:01Z" duration-ms="31730">
      <class name="testNG.Update_Account_Negative_ng">
        <test-method is-config="true" signature="beforeMethod()[pri:0, instance:testNG.Update_Account_Negative_ng@574b560f]" started-at="2022-04-24T21:47:29Z" name="beforeMethod" finished-at="2022-04-24T21:47:43Z" duration-ms="13788" status="PASS">
          <reporter-output>
          </reporter-output>
        </test-method> <!-- beforeMethod -->
        <test-method signature="f()[pri:0, instance:testNG.Update_Account_Negative_ng@574b560f]" started-at="2022-04-24T21:47:43Z" name="f" finished-at="2022-04-24T21:47:58Z" duration-ms="15640" status="PASS">
          <reporter-output>
          </reporter-output>
        </test-method> <!-- f -->
        <test-method is-config="true" signature="afterMethod()[pri:0, instance:testNG.Update_Account_Negative_ng@574b560f]" started-at="2022-04-24T21:47:58Z" name="afterMethod" finished-at="2022-04-24T21:48:01Z" duration-ms="2246" status="PASS">
          <reporter-output>
          </reporter-output>
        </test-method> <!-- afterMethod -->
      </class> <!-- testNG.Update_Account_Negative_ng -->
    </test> <!-- Default test -->
  </suite> <!-- Default suite -->
</testng-results>
